{"/mnt/c/Users/STD/MyWork/wr/codefellows/401/api-server/lib/server.js": {"path":"/mnt/c/Users/STD/MyWork/wr/codefellows/401/api-server/lib/server.js","statementMap":{"0":{"start":{"line":2,"column":0},"end":{"line":2,"column":27}},"1":{"start":{"line":4,"column":16},"end":{"line":4,"column":34}},"2":{"start":{"line":5,"column":10},"end":{"line":5,"column":19}},"3":{"start":{"line":7,"column":13},"end":{"line":7,"column":50}},"4":{"start":{"line":8,"column":18},"end":{"line":8,"column":52}},"5":{"start":{"line":9,"column":17},"end":{"line":9,"column":48}},"6":{"start":{"line":10,"column":17},"end":{"line":10,"column":48}},"7":{"start":{"line":13,"column":0},"end":{"line":13,"column":24}},"8":{"start":{"line":14,"column":0},"end":{"line":14,"column":14}},"9":{"start":{"line":15,"column":0},"end":{"line":15,"column":19}},"10":{"start":{"line":19,"column":19},"end":{"line":19,"column":21}},"11":{"start":{"line":21,"column":0},"end":{"line":25,"column":3}},"12":{"start":{"line":22,"column":14},"end":{"line":22,"column":33}},"13":{"start":{"line":23,"column":16},"end":{"line":23,"column":28}},"14":{"start":{"line":24,"column":2},"end":{"line":24,"column":31}},"15":{"start":{"line":27,"column":0},"end":{"line":31,"column":3}},"16":{"start":{"line":28,"column":11},"end":{"line":28,"column":24}},"17":{"start":{"line":29,"column":15},"end":{"line":29,"column":61}},"18":{"start":{"line":29,"column":45},"end":{"line":29,"column":60}},"19":{"start":{"line":30,"column":2},"end":{"line":30,"column":19}},"20":{"start":{"line":33,"column":0},"end":{"line":39,"column":3}},"21":{"start":{"line":34,"column":17},"end":{"line":34,"column":25}},"22":{"start":{"line":35,"column":15},"end":{"line":35,"column":23}},"23":{"start":{"line":36,"column":2},"end":{"line":36,"column":38}},"24":{"start":{"line":37,"column":2},"end":{"line":37,"column":28}},"25":{"start":{"line":38,"column":2},"end":{"line":38,"column":19}},"26":{"start":{"line":41,"column":0},"end":{"line":47,"column":3}},"27":{"start":{"line":42,"column":14},"end":{"line":42,"column":27}},"28":{"start":{"line":43,"column":21},"end":{"line":43,"column":29}},"29":{"start":{"line":44,"column":21},"end":{"line":44,"column":33}},"30":{"start":{"line":45,"column":2},"end":{"line":45,"column":92}},"31":{"start":{"line":45,"column":46},"end":{"line":45,"column":90}},"32":{"start":{"line":46,"column":2},"end":{"line":46,"column":25}},"33":{"start":{"line":49,"column":0},"end":{"line":53,"column":3}},"34":{"start":{"line":50,"column":17},"end":{"line":50,"column":30}},"35":{"start":{"line":51,"column":2},"end":{"line":51,"column":70}},"36":{"start":{"line":51,"column":47},"end":{"line":51,"column":68}},"37":{"start":{"line":52,"column":2},"end":{"line":52,"column":35}},"38":{"start":{"line":56,"column":15},"end":{"line":56,"column":17}},"39":{"start":{"line":58,"column":0},"end":{"line":62,"column":3}},"40":{"start":{"line":59,"column":14},"end":{"line":59,"column":31}},"41":{"start":{"line":60,"column":16},"end":{"line":60,"column":26}},"42":{"start":{"line":61,"column":2},"end":{"line":61,"column":31}},"43":{"start":{"line":64,"column":0},"end":{"line":68,"column":3}},"44":{"start":{"line":65,"column":11},"end":{"line":65,"column":24}},"45":{"start":{"line":66,"column":15},"end":{"line":66,"column":70}},"46":{"start":{"line":66,"column":43},"end":{"line":66,"column":69}},"47":{"start":{"line":67,"column":2},"end":{"line":67,"column":19}},"48":{"start":{"line":70,"column":0},"end":{"line":76,"column":3}},"49":{"start":{"line":71,"column":17},"end":{"line":71,"column":25}},"50":{"start":{"line":72,"column":15},"end":{"line":72,"column":23}},"51":{"start":{"line":73,"column":2},"end":{"line":73,"column":36}},"52":{"start":{"line":74,"column":2},"end":{"line":74,"column":26}},"53":{"start":{"line":75,"column":2},"end":{"line":75,"column":19}},"54":{"start":{"line":78,"column":0},"end":{"line":84,"column":3}},"55":{"start":{"line":79,"column":17},"end":{"line":79,"column":30}},"56":{"start":{"line":80,"column":21},"end":{"line":80,"column":29}},"57":{"start":{"line":81,"column":21},"end":{"line":81,"column":33}},"58":{"start":{"line":82,"column":2},"end":{"line":82,"column":102}},"59":{"start":{"line":82,"column":42},"end":{"line":82,"column":100}},"60":{"start":{"line":83,"column":2},"end":{"line":83,"column":25}},"61":{"start":{"line":86,"column":0},"end":{"line":90,"column":3}},"62":{"start":{"line":87,"column":17},"end":{"line":87,"column":30}},"63":{"start":{"line":88,"column":2},"end":{"line":88,"column":77}},"64":{"start":{"line":88,"column":43},"end":{"line":88,"column":75}},"65":{"start":{"line":89,"column":2},"end":{"line":89,"column":52}},"66":{"start":{"line":92,"column":0},"end":{"line":92,"column":18}},"67":{"start":{"line":93,"column":0},"end":{"line":93,"column":18}},"68":{"start":{"line":96,"column":0},"end":{"line":102,"column":2}},"69":{"start":{"line":99,"column":15},"end":{"line":99,"column":47}},"70":{"start":{"line":100,"column":4},"end":{"line":100,"column":72}},"71":{"start":{"line":100,"column":27},"end":{"line":100,"column":70}}},"fnMap":{"0":{"name":"(anonymous_0)","decl":{"start":{"line":21,"column":35},"end":{"line":21,"column":36}},"loc":{"start":{"line":21,"column":49},"end":{"line":25,"column":1}},"line":21},"1":{"name":"(anonymous_1)","decl":{"start":{"line":27,"column":39},"end":{"line":27,"column":40}},"loc":{"start":{"line":27,"column":53},"end":{"line":31,"column":1}},"line":27},"2":{"name":"(anonymous_2)","decl":{"start":{"line":29,"column":35},"end":{"line":29,"column":36}},"loc":{"start":{"line":29,"column":45},"end":{"line":29,"column":60}},"line":29},"3":{"name":"(anonymous_3)","decl":{"start":{"line":33,"column":36},"end":{"line":33,"column":37}},"loc":{"start":{"line":33,"column":50},"end":{"line":39,"column":1}},"line":33},"4":{"name":"(anonymous_4)","decl":{"start":{"line":41,"column":39},"end":{"line":41,"column":40}},"loc":{"start":{"line":41,"column":53},"end":{"line":47,"column":1}},"line":41},"5":{"name":"(anonymous_5)","decl":{"start":{"line":45,"column":34},"end":{"line":45,"column":35}},"loc":{"start":{"line":45,"column":46},"end":{"line":45,"column":90}},"line":45},"6":{"name":"(anonymous_6)","decl":{"start":{"line":49,"column":42},"end":{"line":49,"column":43}},"loc":{"start":{"line":49,"column":56},"end":{"line":53,"column":1}},"line":49},"7":{"name":"(anonymous_7)","decl":{"start":{"line":51,"column":37},"end":{"line":51,"column":38}},"loc":{"start":{"line":51,"column":47},"end":{"line":51,"column":68}},"line":51},"8":{"name":"(anonymous_8)","decl":{"start":{"line":58,"column":32},"end":{"line":58,"column":33}},"loc":{"start":{"line":58,"column":47},"end":{"line":62,"column":1}},"line":58},"9":{"name":"(anonymous_9)","decl":{"start":{"line":64,"column":37},"end":{"line":64,"column":38}},"loc":{"start":{"line":64,"column":52},"end":{"line":68,"column":1}},"line":64},"10":{"name":"(anonymous_10)","decl":{"start":{"line":66,"column":33},"end":{"line":66,"column":34}},"loc":{"start":{"line":66,"column":43},"end":{"line":66,"column":69}},"line":66},"11":{"name":"(anonymous_11)","decl":{"start":{"line":70,"column":34},"end":{"line":70,"column":35}},"loc":{"start":{"line":70,"column":49},"end":{"line":76,"column":1}},"line":70},"12":{"name":"(anonymous_12)","decl":{"start":{"line":78,"column":37},"end":{"line":78,"column":38}},"loc":{"start":{"line":78,"column":52},"end":{"line":84,"column":1}},"line":78},"13":{"name":"(anonymous_13)","decl":{"start":{"line":82,"column":30},"end":{"line":82,"column":31}},"loc":{"start":{"line":82,"column":42},"end":{"line":82,"column":100}},"line":82},"14":{"name":"(anonymous_14)","decl":{"start":{"line":86,"column":40},"end":{"line":86,"column":41}},"loc":{"start":{"line":86,"column":55},"end":{"line":90,"column":1}},"line":86},"15":{"name":"(anonymous_15)","decl":{"start":{"line":88,"column":33},"end":{"line":88,"column":34}},"loc":{"start":{"line":88,"column":43},"end":{"line":88,"column":75}},"line":88},"16":{"name":"(anonymous_16)","decl":{"start":{"line":98,"column":9},"end":{"line":98,"column":10}},"loc":{"start":{"line":98,"column":17},"end":{"line":101,"column":3}},"line":98},"17":{"name":"(anonymous_17)","decl":{"start":{"line":100,"column":21},"end":{"line":100,"column":22}},"loc":{"start":{"line":100,"column":27},"end":{"line":100,"column":70}},"line":100}},"branchMap":{"0":{"loc":{"start":{"line":45,"column":46},"end":{"line":45,"column":90}},"type":"cond-expr","locations":[{"start":{"line":45,"column":69},"end":{"line":45,"column":81}},{"start":{"line":45,"column":84},"end":{"line":45,"column":90}}],"line":45},"1":{"loc":{"start":{"line":82,"column":42},"end":{"line":82,"column":100}},"type":"cond-expr","locations":[{"start":{"line":82,"column":79},"end":{"line":82,"column":91}},{"start":{"line":82,"column":94},"end":{"line":82,"column":100}}],"line":82},"2":{"loc":{"start":{"line":99,"column":15},"end":{"line":99,"column":47}},"type":"binary-expr","locations":[{"start":{"line":99,"column":15},"end":{"line":99,"column":19}},{"start":{"line":99,"column":23},"end":{"line":99,"column":39}},{"start":{"line":99,"column":43},"end":{"line":99,"column":47}}],"line":99}},"s":{"0":3,"1":3,"2":3,"3":3,"4":3,"5":3,"6":3,"7":3,"8":3,"9":3,"10":3,"11":3,"12":1,"13":1,"14":1,"15":3,"16":1,"17":1,"18":0,"19":1,"20":3,"21":1,"22":1,"23":1,"24":1,"25":1,"26":3,"27":1,"28":1,"29":1,"30":1,"31":1,"32":1,"33":3,"34":1,"35":1,"36":1,"37":1,"38":3,"39":3,"40":1,"41":1,"42":1,"43":3,"44":1,"45":1,"46":0,"47":1,"48":3,"49":1,"50":1,"51":1,"52":1,"53":1,"54":3,"55":1,"56":1,"57":1,"58":1,"59":1,"60":1,"61":3,"62":1,"63":1,"64":1,"65":1,"66":3,"67":3,"68":3,"69":0,"70":0,"71":0},"f":{"0":1,"1":1,"2":0,"3":1,"4":1,"5":1,"6":1,"7":1,"8":1,"9":1,"10":0,"11":1,"12":1,"13":1,"14":1,"15":1,"16":0,"17":0},"b":{"0":[1,0],"1":[1,0],"2":[0,0,0]},"_coverageSchema":"1a1c01bbd47fc00a2c39e90264f33305004495a9","hash":"15a0705608771a907140abf663166eb9a8de94f0"}
,"/mnt/c/Users/STD/MyWork/wr/codefellows/401/api-server/middleware/404.js": {"path":"/mnt/c/Users/STD/MyWork/wr/codefellows/401/api-server/middleware/404.js","statementMap":{"0":{"start":{"line":3,"column":0},"end":{"line":7,"column":2}},"1":{"start":{"line":4,"column":2},"end":{"line":4,"column":18}},"2":{"start":{"line":5,"column":2},"end":{"line":5,"column":41}},"3":{"start":{"line":6,"column":2},"end":{"line":6,"column":32}}},"fnMap":{"0":{"name":"(anonymous_0)","decl":{"start":{"line":3,"column":17},"end":{"line":3,"column":18}},"loc":{"start":{"line":3,"column":30},"end":{"line":7,"column":1}},"line":3}},"branchMap":{},"s":{"0":3,"1":4,"2":4,"3":4},"f":{"0":4},"b":{},"_coverageSchema":"1a1c01bbd47fc00a2c39e90264f33305004495a9","hash":"4f79c91907e6b52d8f8d17e289c88efd1cd2d864"}
,"/mnt/c/Users/STD/MyWork/wr/codefellows/401/api-server/middleware/500.js": {"path":"/mnt/c/Users/STD/MyWork/wr/codefellows/401/api-server/middleware/500.js","statementMap":{"0":{"start":{"line":3,"column":0},"end":{"line":7,"column":2}},"1":{"start":{"line":4,"column":2},"end":{"line":4,"column":18}},"2":{"start":{"line":5,"column":2},"end":{"line":5,"column":37}},"3":{"start":{"line":6,"column":2},"end":{"line":6,"column":24}}},"fnMap":{"0":{"name":"(anonymous_0)","decl":{"start":{"line":3,"column":17},"end":{"line":3,"column":18}},"loc":{"start":{"line":3,"column":42},"end":{"line":7,"column":1}},"line":3}},"branchMap":{},"s":{"0":3,"1":0,"2":0,"3":0},"f":{"0":0},"b":{},"_coverageSchema":"1a1c01bbd47fc00a2c39e90264f33305004495a9","hash":"9745f1b22d4c168bddeed5da00ecad198662bb63"}
,"/mnt/c/Users/STD/MyWork/wr/codefellows/401/api-server/middleware/logger.js": {"path":"/mnt/c/Users/STD/MyWork/wr/codefellows/401/api-server/middleware/logger.js","statementMap":{"0":{"start":{"line":1,"column":0},"end":{"line":4,"column":4}},"1":{"start":{"line":2,"column":4},"end":{"line":2,"column":99}},"2":{"start":{"line":3,"column":4},"end":{"line":3,"column":11}}},"fnMap":{"0":{"name":"(anonymous_0)","decl":{"start":{"line":1,"column":17},"end":{"line":1,"column":18}},"loc":{"start":{"line":1,"column":37},"end":{"line":4,"column":3}},"line":1}},"branchMap":{},"s":{"0":5,"1":16,"2":16},"f":{"0":16},"b":{},"_coverageSchema":"1a1c01bbd47fc00a2c39e90264f33305004495a9","hash":"1c3495888b34a7211c40e2ae17dc602d7b22bec3"}
,"/mnt/c/Users/STD/MyWork/wr/codefellows/401/api-server/middleware/timestamp.js": {"path":"/mnt/c/Users/STD/MyWork/wr/codefellows/401/api-server/middleware/timestamp.js","statementMap":{"0":{"start":{"line":2,"column":0},"end":{"line":6,"column":2}},"1":{"start":{"line":3,"column":15},"end":{"line":3,"column":25}},"2":{"start":{"line":4,"column":2},"end":{"line":4,"column":46}},"3":{"start":{"line":5,"column":2},"end":{"line":5,"column":9}}},"fnMap":{"0":{"name":"(anonymous_0)","decl":{"start":{"line":2,"column":17},"end":{"line":2,"column":18}},"loc":{"start":{"line":2,"column":37},"end":{"line":6,"column":1}},"line":2}},"branchMap":{},"s":{"0":3,"1":24,"2":24,"3":24},"f":{"0":24},"b":{},"_coverageSchema":"1a1c01bbd47fc00a2c39e90264f33305004495a9","hash":"9e12da2c0f687ba484f1794419892de235a11c99"}
}
