TN:
SF:lib/server.js
FN:27,(anonymous_0)
FN:29,(anonymous_1)
FNF:2
FNH:0
FNDA:0,(anonymous_0)
FNDA:0,(anonymous_1)
DA:2,3
DA:3,3
DA:4,3
DA:5,3
DA:6,3
DA:8,3
DA:9,3
DA:11,3
DA:12,3
DA:14,3
DA:15,3
DA:16,3
DA:18,3
DA:19,3
DA:21,3
DA:22,3
DA:25,3
DA:28,0
DA:29,0
LF:19
LH:17
BRDA:28,0,0,0
BRDA:28,0,1,0
BRDA:28,0,2,0
BRF:3
BRH:0
end_of_record
TN:
SF:middleware/404.js
FN:3,(anonymous_0)
FNF:1
FNH:1
FNDA:4,(anonymous_0)
DA:3,3
DA:4,4
DA:5,4
DA:6,4
LF:4
LH:4
BRF:0
BRH:0
end_of_record
TN:
SF:middleware/500.js
FN:3,(anonymous_0)
FNF:1
FNH:1
FNDA:2,(anonymous_0)
DA:3,3
DA:4,2
DA:5,2
DA:6,2
LF:4
LH:4
BRF:0
BRH:0
end_of_record
TN:
SF:middleware/logger.js
FN:1,(anonymous_0)
FNF:1
FNH:1
FNDA:2,(anonymous_0)
DA:1,2
DA:2,2
DA:3,2
LF:3
LH:3
BRF:0
BRH:0
end_of_record
TN:
SF:models/model.js
FN:4,(anonymous_0)
FN:8,(anonymous_1)
FN:13,(anonymous_2)
FN:18,(anonymous_3)
FN:22,(anonymous_4)
FNF:5
FNH:3
FNDA:8,(anonymous_0)
FNDA:2,(anonymous_1)
FNDA:14,(anonymous_2)
FNDA:0,(anonymous_3)
FNDA:0,(anonymous_4)
DA:5,8
DA:9,2
DA:10,2
DA:14,14
DA:15,14
DA:19,0
DA:23,0
DA:27,5
LF:8
LH:6
BRDA:9,0,0,0
BRDA:9,0,1,2
BRF:2
BRH:1
end_of_record
TN:
SF:models/categories-mod/categories-model.js
FN:7,(anonymous_0)
FNF:1
FNH:1
FNDA:4,(anonymous_0)
DA:3,4
DA:4,4
DA:8,4
DA:12,4
LF:4
LH:4
BRF:0
BRH:0
end_of_record
TN:
SF:models/categories-mod/categories-schema.js
FNF:0
FNH:0
DA:2,4
DA:3,4
DA:10,4
LF:3
LH:3
BRF:0
BRH:0
end_of_record
TN:
SF:models/products-mod/products-model.js
FN:7,(anonymous_0)
FNF:1
FNH:1
FNDA:4,(anonymous_0)
DA:3,4
DA:4,4
DA:8,4
DA:12,4
LF:4
LH:4
BRF:0
BRH:0
end_of_record
TN:
SF:models/products-mod/products-schema.js
FNF:0
FNH:0
DA:2,4
DA:3,4
DA:11,4
LF:3
LH:3
BRF:0
BRH:0
end_of_record
TN:
SF:routes/cat-route.js
FN:13,getCat
FN:15,(anonymous_1)
FN:21,postCat
FN:23,(anonymous_3)
FN:28,putCat
FN:30,(anonymous_5)
FN:36,deleteCat
FN:38,(anonymous_7)
FNF:8
FNH:4
FNDA:1,getCat
FNDA:1,(anonymous_1)
FNDA:2,postCat
FNDA:1,(anonymous_3)
FNDA:0,putCat
FNDA:0,(anonymous_5)
FNDA:0,deleteCat
FNDA:0,(anonymous_7)
DA:3,3
DA:4,3
DA:5,3
DA:6,3
DA:8,3
DA:9,3
DA:10,3
DA:11,3
DA:14,1
DA:16,1
DA:22,2
DA:24,1
DA:29,0
DA:31,0
DA:37,0
DA:39,0
DA:44,3
LF:17
LH:13
BRF:0
BRH:0
end_of_record
TN:
SF:routes/prod-route.js
FN:13,getpro
FN:15,(anonymous_1)
FN:21,postPro
FN:23,(anonymous_3)
FN:29,putPro
FN:31,(anonymous_5)
FN:37,deletePro
FN:39,(anonymous_7)
FNF:8
FNH:4
FNDA:1,getpro
FNDA:1,(anonymous_1)
FNDA:2,postPro
FNDA:1,(anonymous_3)
FNDA:0,putPro
FNDA:0,(anonymous_5)
FNDA:0,deletePro
FNDA:0,(anonymous_7)
DA:3,3
DA:4,3
DA:5,3
DA:6,3
DA:8,3
DA:9,3
DA:10,3
DA:11,3
DA:14,1
DA:16,1
DA:22,2
DA:24,1
DA:30,0
DA:32,0
DA:38,0
DA:40,0
DA:45,3
LF:17
LH:13
BRF:0
BRH:0
end_of_record
